生成启动时间为 2015/9/25 11:54:49。
     1>项目“F:\Documents\Visual Studio 2015\Projects\CppExperiment1\CppExperiment1\CppExperiment1.vcxproj”在节点 2 上(Build 个目标)。
     1>ClCompile:
         E:\Program Files (x86)\Microsoft Visual Studio 14.0\VC\bin\CL.exe /c /Zi /nologo /W3 /WX- /O2 /Oi /Oy- /GL /D WIN32 /D NDEBUG /D _CONSOLE /D _UNICODE /D UNICODE /Gm- /EHsc /MD /GS /Gy /fp:precise /Zc:wchar_t /Zc:forScope /Zc:inline /Fo"Release\\" /Fd"Release\vc140.pdb" /Gd /TP /analyze- /errorReport:prompt Exercise1_main.cpp Exercise2_arraymax.cpp Exercise2_main.cpp Exercise3_main.cpp Exercise3_record.cpp main.cpp
         Exercise1_main.cpp
         Exercise2_arraymax.cpp
         Exercise2_main.cpp
         Exercise3_main.cpp
         Exercise3_record.cpp
         main.cpp
       Link:
         E:\Program Files (x86)\Microsoft Visual Studio 14.0\VC\bin\link.exe /ERRORREPORT:PROMPT /OUT:"F:\Documents\Visual Studio 2015\Projects\CppExperiment1\Release\CppExperiment1.exe" /INCREMENTAL:NO /NOLOGO kernel32.lib user32.lib gdi32.lib winspool.lib comdlg32.lib advapi32.lib shell32.lib ole32.lib oleaut32.lib uuid.lib odbc32.lib odbccp32.lib /MANIFEST /MANIFESTUAC:"level='asInvoker' uiAccess='false'" /manifest:embed /Debug /PDB:"F:\Documents\Visual Studio 2015\Projects\CppExperiment1\Release\CppExperiment1.pdb" /SUBSYSTEM:CONSOLE /OPT:REF /OPT:ICF /LTCG:incremental /TLBID:1 /DYNAMICBASE /NXCOMPAT /IMPLIB:"F:\Documents\Visual Studio 2015\Projects\CppExperiment1\Release\CppExperiment1.lib" /MACHINE:X86 /SAFESEH Release\Exercise1_main.obj
         Release\Exercise2_arraymax.obj
         Release\Exercise2_main.obj
         Release\Exercise3_main.obj
         Release\Exercise3_record.obj
         Release\main.obj
         正在生成代码
         All 21 functions were compiled because no usable IPDB/IOBJ from previous compilation was found.
         已完成代码的生成
         CppExperiment1.vcxproj -> F:\Documents\Visual Studio 2015\Projects\CppExperiment1\Release\CppExperiment1.exe
     1>已完成生成项目“F:\Documents\Visual Studio 2015\Projects\CppExperiment1\CppExperiment1\CppExperiment1.vcxproj”(Build 个目标)的操作。

已成功生成。

已用时间 00:00:05.58
